#
# A fatal error has been detected by the Java Runtime Environment:
#
#  EXCEPTION_UNCAUGHT_CXX_EXCEPTION (0xe06d7363) at pc=0x00007ff81a9fa388, pid=27016, tid=0x0000000000005ddc
#
# JRE version: Java(TM) SE Runtime Environment (8.0_181-b13) (build 1.8.0_181-b13)
# Java VM: Java HotSpot(TM) 64-Bit Server VM (25.181-b13 mixed mode windows-amd64 compressed oops)
# Problematic frame:
# C  [KERNELBASE.dll+0x3a388]
#
# Failed to write core dump. Minidumps are not enabled by default on client versions of Windows
#
# If you would like to submit a bug report, please visit:
#   http://bugreport.java.com/bugreport/crash.jsp
# The crash happened outside the Java Virtual Machine in native code.
# See problematic frame for where to report the bug.
#

---------------  T H R E A D  ---------------

Current thread (0x00000000031e2800):  JavaThread "main" [_thread_in_native, id=24028, stack(0x00000000030e0000,0x00000000031e0000)]

siginfo: ExceptionCode=0xe06d7363, ExceptionInformation=0x0000000019930520 0x00000000031df310 0x00007ff8074109b8 0x00007ff8073f0000 

Registers:
RAX=0x0000000017893300, RBX=0x00007ff8074109b8, RCX=0x00000000031e2800, RDX=0x00000000031dec98
RSP=0x00000000031df170, RBP=0x00000000031df2b0, RSI=0x0000000017df86a0, RDI=0x00000000031df310
R8 =0x000000001749c1a0, R9 =0x00000000031dec78, R10=0x00000000d7edf280, R11=0x000000000000000a
R12=0x0000000000000000, R13=0x00000000178a74a8, R14=0x00000000031df4b0, R15=0x00000000031e2800
RIP=0x00007ff81a9fa388, EFLAGS=0x0000000000000206

Top of Stack: (sp=0x00000000031df170)
0x00000000031df170:   000000001ad739c0 00007ff8074109b8
0x00000000031df180:   0000000017df86a0 00000000031df310
0x00000000031df190:   00000001e06d7363 0000000000000000
0x00000000031df1a0:   00007ff81a9fa388 0000000000000004
0x00000000031df1b0:   0000000019930520 00000000031df310
0x00000000031df1c0:   00007ff8074109b8 00007ff8073f0000
0x00000000031df1d0:   00000000031df4b0 0000000000000000
0x00000000031df1e0:   00000000031df310 0000000017df86a0
0x00000000031df1f0:   00000000031df2b0 00007ff81d95a39f
0x00000000031df200:   00000000031df2c0 0000000000000000
0x00000000031df210:   000000001ad739c0 0000000060201661
0x00000000031df220:   00007ff807425000 00007ff8073f0000
0x00000000031df230:   00002d31a0f2cdee 0000000000000004
0x00000000031df240:   00007ff8074109b8 00007ffff421ef53
0x00000000031df250:   0000000017df86c0 00000000031e29f8
0x00000000031df260:   0000000000000000 000000001ad326b0 

Instructions: (pc=0x00007ff81a9fa388)
0x00007ff81a9fa368:   49 8b d1 44 0f 47 c0 44 89 44 24 38 49 c1 e0 03
0x00007ff81a9fa378:   e8 4a 46 04 00 48 8d 4c 24 20 ff 15 a0 82 14 00
0x00007ff81a9fa388:   48 8b 8c 24 c0 00 00 00 48 33 cc e8 b8 05 04 00
0x00007ff81a9fa398:   48 81 c4 d8 00 00 00 c3 83 64 24 38 00 eb d6 cc 


Register to memory mapping:

RAX=0x0000000017893300 is pointing into metadata
RBX=0x00007ff8074109b8 is an unknown value
RCX=0x00000000031e2800 is a thread
RDX=0x00000000031dec98 is pointing into the stack for thread: 0x00000000031e2800
RSP=0x00000000031df170 is pointing into the stack for thread: 0x00000000031e2800
RBP=0x00000000031df2b0 is pointing into the stack for thread: 0x00000000031e2800
RSI=0x0000000017df86a0 is an unknown value
RDI=0x00000000031df310 is pointing into the stack for thread: 0x00000000031e2800
R8 ={method} {0x000000001749c1a8} 'getName0' '()Ljava/lang/String;' in 'java/lang/Class'
R9 =0x00000000031dec78 is pointing into the stack for thread: 0x00000000031e2800
R10=0x00000000d7edf280 is an oop
java.lang.Class 
 - klass: 'java/lang/Class'
R11=0x000000000000000a is an unknown value
R12=0x0000000000000000 is an unknown value
R13={method} {0x00000000178a74b0} 'Controller_addListener' '(JLcom/leapmotion/leap/Controller;JLcom/leapmotion/leap/Listener;)Z' in 'com/leapmotion/leap/LeapJNI'
R14=0x00000000031df4b0 is pointing into the stack for thread: 0x00000000031e2800
R15=0x00000000031e2800 is a thread


Stack: [0x00000000030e0000,0x00000000031e0000],  sp=0x00000000031df170,  free space=1020k
Native frames: (J=compiled Java code, j=interpreted, Vv=VM code, C=native code)
C  [KERNELBASE.dll+0x3a388]
C  [MSVCR120.dll+0x5ef53]
C  [LeapJava.dll+0x1c48]
C  [Leap.dll+0x2172f]
C  0x00000000032f8c67

Java frames: (J=compiled Java code, j=interpreted, Vv=VM code)
j  com.leapmotion.leap.LeapJNI.Controller_addListener(JLcom/leapmotion/leap/Controller;JLcom/leapmotion/leap/Listener;)Z+0
j  com.leapmotion.leap.Controller.addListener(Lcom/leapmotion/leap/Listener;)Z+10
j  Sample.main([Ljava/lang/String;)V+18
v  ~StubRoutines::call_stub

---------------  P R O C E S S  ---------------

Java Threads: ( => current thread )
  0x0000000017e8d800 JavaThread "Service Thread" daemon [_thread_blocked, id=25272, stack(0x0000000019b80000,0x0000000019c80000)]
  0x0000000017e43800 JavaThread "C1 CompilerThread2" daemon [_thread_blocked, id=29344, stack(0x0000000019680000,0x0000000019780000)]
  0x0000000017e36000 JavaThread "C2 CompilerThread1" daemon [_thread_blocked, id=13496, stack(0x0000000019580000,0x0000000019680000)]
  0x0000000017e2f800 JavaThread "C2 CompilerThread0" daemon [_thread_blocked, id=31364, stack(0x0000000019480000,0x0000000019580000)]
  0x0000000017e2d800 JavaThread "Attach Listener" daemon [_thread_blocked, id=27312, stack(0x0000000019380000,0x0000000019480000)]
  0x0000000017e2c000 JavaThread "Signal Dispatcher" daemon [_thread_blocked, id=25624, stack(0x0000000019280000,0x0000000019380000)]
  0x00000000032dd000 JavaThread "Finalizer" daemon [_thread_blocked, id=15392, stack(0x0000000019090000,0x0000000019190000)]
  0x00000000032d1000 JavaThread "Reference Handler" daemon [_thread_blocked, id=21848, stack(0x0000000018f90000,0x0000000019090000)]
=>0x00000000031e2800 JavaThread "main" [_thread_in_native, id=24028, stack(0x00000000030e0000,0x00000000031e0000)]

Other Threads:
  0x0000000017df8000 VMThread [stack: 0x0000000018e90000,0x0000000018f90000] [id=20320]
  0x00000000197a1000 WatcherThread [stack: 0x0000000019c80000,0x0000000019d80000] [id=24960]

VM state:not at safepoint (normal execution)

VM Mutex/Monitor currently owned by a thread: None

Heap:
 PSYoungGen      total 38400K, used 24792K [0x00000000d5d80000, 0x00000000d8800000, 0x0000000100000000)
  eden space 33280K, 59% used [0x00000000d5d80000,0x00000000d70bb928,0x00000000d7e00000)
  from space 5120K, 99% used [0x00000000d7e00000,0x00000000d82faad0,0x00000000d8300000)
  to   space 5120K, 0% used [0x00000000d8300000,0x00000000d8300000,0x00000000d8800000)
 ParOldGen       total 87552K, used 2042K [0x0000000081800000, 0x0000000086d80000, 0x00000000d5d80000)
  object space 87552K, 2% used [0x0000000081800000,0x00000000819fea78,0x0000000086d80000)
 Metaspace       used 14471K, capacity 14710K, committed 14848K, reserved 1062912K
  class space    used 1649K, capacity 1739K, committed 1792K, reserved 1048576K

Card table byte_map: [0x00000000126a0000,0x0000000012aa0000] byte_map_base: 0x0000000012294000

Marking Bits: (ParMarkBitMap*) 0x00000000608e2d00
 Begin Bits: [0x0000000013150000, 0x00000000150f0000)
 End Bits:   [0x00000000150f0000, 0x0000000017090000)

Polling page: 0x0000000001460000

CodeCache: size=245760Kb used=4665Kb max_used=4681Kb free=241094Kb
 bounds [0x00000000032e0000, 0x0000000003780000, 0x00000000122e0000]
 total_blobs=1703 nmethods=1282 adapters=333
 compilation: enabled

Compilation events (10 events):
Event: 3.744 Thread 0x0000000017e43800 nmethod 1277 0x00000000037651d0 code [0x0000000003765340, 0x0000000003765548]
Event: 3.750 Thread 0x0000000017e43800 1278       3       java.util.ArrayList::<init> (61 bytes)
Event: 3.752 Thread 0x0000000017e43800 nmethod 1278 0x0000000003766150 code [0x0000000003766360, 0x0000000003766dd8]
Event: 3.778 Thread 0x0000000017e43800 1279   !   3       java.lang.ClassLoader::loadClass (122 bytes)
Event: 3.782 Thread 0x0000000017e43800 nmethod 1279 0x000000000376bd50 code [0x000000000376c0c0, 0x000000000376e418]
Event: 3.782 Thread 0x0000000017e43800 1280       3       java.lang.ClassLoader::getClassLoadingLock (35 bytes)
Event: 3.782 Thread 0x0000000017e43800 nmethod 1280 0x0000000003768d90 code [0x0000000003768f00, 0x0000000003769328]
Event: 3.782 Thread 0x0000000017e43800 1281       3       java.lang.ClassLoader::findLoadedClass (16 bytes)
Event: 3.783 Thread 0x0000000017e43800 nmethod 1281 0x0000000003768950 code [0x0000000003768ac0, 0x0000000003768cf8]
Event: 3.792 Thread 0x0000000017e2f800 1282  s!   4       sun.misc.URLClassPath::getLoader (243 bytes)

GC Heap History (2 events):
Event: 2.998 GC heap before
{Heap before GC invocations=1 (full 0):
 PSYoungGen      total 38400K, used 33280K [0x00000000d5d80000, 0x00000000d8800000, 0x0000000100000000)
  eden space 33280K, 100% used [0x00000000d5d80000,0x00000000d7e00000,0x00000000d7e00000)
  from space 5120K, 0% used [0x00000000d8300000,0x00000000d8300000,0x00000000d8800000)
  to   space 5120K, 0% used [0x00000000d7e00000,0x00000000d7e00000,0x00000000d8300000)
 ParOldGen       total 87552K, used 0K [0x0000000081800000, 0x0000000086d80000, 0x00000000d5d80000)
  object space 87552K, 0% used [0x0000000081800000,0x0000000081800000,0x0000000086d80000)
 Metaspace       used 11491K, capacity 11722K, committed 11904K, reserved 1060864K
  class space    used 1280K, capacity 1385K, committed 1408K, reserved 1048576K
Event: 3.012 GC heap after
Heap after GC invocations=1 (full 0):
 PSYoungGen      total 38400K, used 5098K [0x00000000d5d80000, 0x00000000d8800000, 0x0000000100000000)
  eden space 33280K, 0% used [0x00000000d5d80000,0x00000000d5d80000,0x00000000d7e00000)
  from space 5120K, 99% used [0x00000000d7e00000,0x00000000d82faad0,0x00000000d8300000)
  to   space 5120K, 0% used [0x00000000d8300000,0x00000000d8300000,0x00000000d8800000)
 ParOldGen       total 87552K, used 2042K [0x0000000081800000, 0x0000000086d80000, 0x00000000d5d80000)
  object space 87552K, 2% used [0x0000000081800000,0x00000000819fea78,0x0000000086d80000)
 Metaspace       used 11491K, capacity 11722K, committed 11904K, reserved 1060864K
  class space    used 1280K, capacity 1385K, committed 1408K, reserved 1048576K
}

Deoptimization events (10 events):
Event: 2.472 Thread 0x00000000031e2800 Uncommon trap: reason=unstable_if action=reinterpret pc=0x00000000035df134 method=java.util.HashMap.getNode(ILjava/lang/Object;)Ljava/util/HashMap$Node; @ 62
Event: 2.472 Thread 0x00000000031e2800 Uncommon trap: reason=unstable_if action=reinterpret pc=0x00000000035e0fec method=java.util.HashMap.putVal(ILjava/lang/Object;Ljava/lang/Object;ZZ)Ljava/lang/Object; @ 94
Event: 3.093 Thread 0x00000000031e2800 Uncommon trap: reason=unstable_if action=reinterpret pc=0x00000000034adda4 method=java.util.jar.Manifest$FastInputStream.readLine([BII)I @ 87
Event: 3.420 Thread 0x00000000031e2800 Uncommon trap: reason=unstable_if action=reinterpret pc=0x00000000036057c4 method=java.util.Arrays.equals([B[B)Z @ 41
Event: 3.498 Thread 0x00000000031e2800 Uncommon trap: reason=class_check action=maybe_recompile pc=0x00000000034f8ee4 method=java.util.regex.Pattern$Curly.match(Ljava/util/regex/Matcher;ILjava/lang/CharSequence;)Z @ 19
Event: 3.498 Thread 0x00000000031e2800 Uncommon trap: reason=class_check action=maybe_recompile pc=0x00000000034f8ee4 method=java.util.regex.Pattern$Curly.match(Ljava/util/regex/Matcher;ILjava/lang/CharSequence;)Z @ 19
Event: 3.500 Thread 0x00000000031e2800 Uncommon trap: reason=unstable_if action=reinterpret pc=0x0000000003637844 method=java.util.concurrent.ConcurrentHashMap.putVal(Ljava/lang/Object;Ljava/lang/Object;Z)Ljava/lang/Object; @ 181
Event: 3.707 Thread 0x00000000031e2800 Uncommon trap: reason=unstable_if action=reinterpret pc=0x00000000036a3fb0 method=java.util.HashMap.getNode(ILjava/lang/Object;)Ljava/util/HashMap$Node; @ 129
Event: 3.708 Thread 0x00000000031e2800 Uncommon trap: reason=class_check action=maybe_recompile pc=0x00000000036a6cec method=java.util.HashMap.putVal(ILjava/lang/Object;Ljava/lang/Object;ZZ)Ljava/lang/Object; @ 203
Event: 3.717 Thread 0x00000000031e2800 Uncommon trap: reason=range_check action=make_not_entrant pc=0x0000000003762420 method=sun.reflect.generics.parser.SignatureParser.current()C @ 34

Classes redefined (0 events):
No events

Internal exceptions (10 events):
Event: 0.751 Thread 0x00000000031e2800 Exception <a 'java/security/PrivilegedActionException'> (0x00000000d629f3f8) thrown at [C:\re\workspace\8-2-build-windows-amd64-cygwin\jdk8u181\11358\hotspot\src\share\vm\prims\jvm.cpp, line 1435]
Event: 0.751 Thread 0x00000000031e2800 Exception <a 'java/security/PrivilegedActionException'> (0x00000000d629f7f0) thrown at [C:\re\workspace\8-2-build-windows-amd64-cygwin\jdk8u181\11358\hotspot\src\share\vm\prims\jvm.cpp, line 1435]
Event: 0.755 Thread 0x00000000031e2800 Exception <a 'java/security/PrivilegedActionException'> (0x00000000d62a3648) thrown at [C:\re\workspace\8-2-build-windows-amd64-cygwin\jdk8u181\11358\hotspot\src\share\vm\prims\jvm.cpp, line 1435]
Event: 0.755 Thread 0x00000000031e2800 Exception <a 'java/security/PrivilegedActionException'> (0x00000000d62a3a40) thrown at [C:\re\workspace\8-2-build-windows-amd64-cygwin\jdk8u181\11358\hotspot\src\share\vm\prims\jvm.cpp, line 1435]
Event: 0.808 Thread 0x00000000031e2800 Exception <a 'java/lang/NoClassDefFoundError': org/apache/log4j/Priority> (0x00000000d62e68d8) thrown at [C:\re\workspace\8-2-build-windows-amd64-cygwin\jdk8u181\11358\hotspot\src\share\vm\classfile\systemDictionary.cpp, line 199]
Event: 1.440 Thread 0x00000000031e2800 Exception <a 'java/lang/NoSuchFieldError': method resolution failed> (0x00000000d6676088) thrown at [C:\re\workspace\8-2-build-windows-amd64-cygwin\jdk8u181\11358\hotspot\src\share\vm\prims\methodHandles.cpp, line 1167]
Event: 1.448 Thread 0x00000000031e2800 Exception <a 'java/lang/NoSuchFieldError': method resolution failed> (0x00000000d6683b98) thrown at [C:\re\workspace\8-2-build-windows-amd64-cygwin\jdk8u181\11358\hotspot\src\share\vm\prims\methodHandles.cpp, line 1167]
Event: 3.605 Thread 0x00000000031e2800 Exception <a 'java/lang/ArrayIndexOutOfBoundsException'> (0x00000000d6ca8098) thrown at [C:\re\workspace\8-2-build-windows-amd64-cygwin\jdk8u181\11358\hotspot\src\share\vm\runtime\sharedRuntime.cpp, line 605]
Event: 3.717 Thread 0x00000000031e2800 Exception <a 'java/lang/ArrayIndexOutOfBoundsException': 61> (0x00000000d6e1f4f0) thrown at [C:\re\workspace\8-2-build-windows-amd64-cygwin\jdk8u181\11358\hotspot\src\share\vm\interpreter\interpreterRuntime.cpp, line 366]
Event: 3.718 Thread 0x00000000031e2800 Exception <a 'java/lang/ArrayIndexOutOfBoundsException': 40> (0x00000000d6e20730) thrown at [C:\re\workspace\8-2-build-windows-amd64-cygwin\jdk8u181\11358\hotspot\src\share\vm\interpreter\interpreterRuntime.cpp, line 366]

Events (10 events):
Event: 3.792 loading class com/fasterxml/jackson/databind/deser/impl/PropertyValue
Event: 3.792 loading class com/fasterxml/jackson/databind/deser/impl/PropertyValue done
Event: 3.793 loading class com/fasterxml/jackson/databind/deser/impl/PropertyValue$Regular
Event: 3.793 loading class com/fasterxml/jackson/databind/deser/impl/PropertyValue$Regular done
Event: 3.793 loading class com/fasterxml/jackson/databind/deser/impl/PropertyValue$Map
Event: 3.793 loading class com/fasterxml/jackson/databind/deser/impl/PropertyValue$Map done
Event: 3.793 loading class com/fasterxml/jackson/databind/deser/impl/PropertyValue$Any
Event: 3.793 loading class com/fasterxml/jackson/databind/deser/impl/PropertyValue$Any done
Event: 3.794 loading class com/fasterxml/jackson/core/io/NumberInput
Event: 3.794 loading class com/fasterxml/jackson/core/io/NumberInput done


Dynamic libraries:
0x00007ff74da00000 - 0x00007ff74da37000 	C:\Program Files\Java\jre1.8.0_181\bin\javaw.exe
0x00007ff81d950000 - 0x00007ff81db31000 	C:\WINDOWS\SYSTEM32\ntdll.dll
0x00007ff81d6d0000 - 0x00007ff81d782000 	C:\WINDOWS\System32\KERNEL32.DLL
0x00007ff81a9c0000 - 0x00007ff81ac33000 	C:\WINDOWS\System32\KERNELBASE.dll
0x00007ff81d170000 - 0x00007ff81d211000 	C:\WINDOWS\System32\ADVAPI32.dll
0x00007ff81b3e0000 - 0x00007ff81b47e000 	C:\WINDOWS\System32\msvcrt.dll
0x00007ff81d2f0000 - 0x00007ff81d34b000 	C:\WINDOWS\System32\sechost.dll
0x00007ff81d350000 - 0x00007ff81d474000 	C:\WINDOWS\System32\RPCRT4.dll
0x00007ff81d790000 - 0x00007ff81d920000 	C:\WINDOWS\System32\USER32.dll
0x00007ff81a240000 - 0x00007ff81a260000 	C:\WINDOWS\System32\win32u.dll
0x00007ff81d590000 - 0x00007ff81d5b8000 	C:\WINDOWS\System32\GDI32.dll
0x00007ff81ac40000 - 0x00007ff81add2000 	C:\WINDOWS\System32\gdi32full.dll
0x00007ff81a140000 - 0x00007ff81a1df000 	C:\WINDOWS\System32\msvcp_win.dll
0x00007ff819f10000 - 0x00007ff81a00a000 	C:\WINDOWS\System32\ucrtbase.dll
0x00007ff8054d0000 - 0x00007ff805739000 	C:\WINDOWS\WinSxS\amd64_microsoft.windows.common-controls_6595b64144ccf1df_6.0.17134.345_none_fb429a5930656358\COMCTL32.dll
0x00007ff81b010000 - 0x00007ff81b333000 	C:\WINDOWS\System32\combase.dll
0x00007ff81a0c0000 - 0x00007ff81a13a000 	C:\WINDOWS\System32\bcryptPrimitives.dll
0x00007ff81cfb0000 - 0x00007ff81cfdd000 	C:\WINDOWS\System32\IMM32.DLL
0x000000005fda0000 - 0x000000005fe72000 	C:\Program Files\Java\jre1.8.0_181\bin\msvcr100.dll
0x00000000600c0000 - 0x0000000060962000 	C:\Program Files\Java\jre1.8.0_181\bin\server\jvm.dll
0x00007ff81cfe0000 - 0x00007ff81cfe8000 	C:\WINDOWS\System32\PSAPI.DLL
0x00007ff807270000 - 0x00007ff807279000 	C:\WINDOWS\SYSTEM32\WSOCK32.dll
0x00007ff81adf0000 - 0x00007ff81ae5c000 	C:\WINDOWS\System32\WS2_32.dll
0x00007ff814ec0000 - 0x00007ff814ee3000 	C:\WINDOWS\SYSTEM32\WINMM.dll
0x00007ff814770000 - 0x00007ff81477a000 	C:\WINDOWS\SYSTEM32\VERSION.dll
0x00007ff814e90000 - 0x00007ff814eba000 	C:\WINDOWS\SYSTEM32\WINMMBASE.dll
0x00007ff81a260000 - 0x00007ff81a2a9000 	C:\WINDOWS\System32\cfgmgr32.dll
0x000000005ffd0000 - 0x000000005ffdf000 	C:\Program Files\Java\jre1.8.0_181\bin\verify.dll
0x000000005ffa0000 - 0x000000005ffc9000 	C:\Program Files\Java\jre1.8.0_181\bin\java.dll
0x000000005ff80000 - 0x000000005ff96000 	C:\Program Files\Java\jre1.8.0_181\bin\zip.dll
0x00007ff81b5e0000 - 0x00007ff81ca1f000 	C:\WINDOWS\System32\SHELL32.dll
0x00007ff81d4e0000 - 0x00007ff81d589000 	C:\WINDOWS\System32\shcore.dll
0x00007ff81a2b0000 - 0x00007ff81a9bd000 	C:\WINDOWS\System32\windows.storage.dll
0x00007ff81d480000 - 0x00007ff81d4d1000 	C:\WINDOWS\System32\shlwapi.dll
0x00007ff819c90000 - 0x00007ff819ca1000 	C:\WINDOWS\System32\kernel.appcore.dll
0x00007ff819d00000 - 0x00007ff819d1f000 	C:\WINDOWS\System32\profapi.dll
0x00007ff819cb0000 - 0x00007ff819cfc000 	C:\WINDOWS\System32\powrprof.dll
0x00007ff819c80000 - 0x00007ff819c8a000 	C:\WINDOWS\System32\FLTLIB.DLL
0x00007ff8073f0000 - 0x00007ff80742a000 	C:\Users\Greg\Downloads\LeapDeveloperKit_3.2.1_win\LeapDeveloperKit_3.2.1+45911_win\LeapSDK\lib\x64\LeapJava.dll
0x00007ffff9210000 - 0x00007ffff92b6000 	C:\WINDOWS\SYSTEM32\MSVCP120.dll
0x00007ffff41c0000 - 0x00007ffff42af000 	C:\WINDOWS\SYSTEM32\MSVCR120.dll
0x00007ffff0260000 - 0x00007ffff0615000 	C:\Users\Greg\Downloads\LeapDeveloperKit_3.2.1_win\LeapDeveloperKit_3.2.1+45911_win\LeapSDK\lib\x64\Leap.dll
0x00007ff818d50000 - 0x00007ff818d81000 	C:\WINDOWS\SYSTEM32\ntmarta.dll
0x000000005ff30000 - 0x000000005ff54000 	C:\Program Files\Java\jre1.8.0_181\bin\sunec.dll
0x00000000610c0000 - 0x00000000610da000 	C:\Program Files\Java\jre1.8.0_181\bin\net.dll
0x00007ff8194e0000 - 0x00007ff819546000 	C:\WINDOWS\system32\mswsock.dll
0x00007ff819260000 - 0x00007ff819298000 	C:\WINDOWS\SYSTEM32\IPHLPAPI.DLL
0x00007ff81ade0000 - 0x00007ff81ade8000 	C:\WINDOWS\System32\NSI.dll
0x00007ff80ff80000 - 0x00007ff80ff96000 	C:\WINDOWS\SYSTEM32\dhcpcsvc6.DLL
0x00007ff8108d0000 - 0x00007ff8108ea000 	C:\WINDOWS\SYSTEM32\dhcpcsvc.DLL
0x000000005ff60000 - 0x000000005ff71000 	C:\Program Files\Java\jre1.8.0_181\bin\nio.dll
0x00007ff819690000 - 0x00007ff8196a7000 	C:\WINDOWS\SYSTEM32\CRYPTSP.dll
0x00007ff8190c0000 - 0x00007ff8190f3000 	C:\WINDOWS\system32\rsaenh.dll
0x00007ff8197c0000 - 0x00007ff8197e5000 	C:\WINDOWS\SYSTEM32\bcrypt.dll
0x00007ff819b90000 - 0x00007ff819bb8000 	C:\WINDOWS\SYSTEM32\USERENV.dll
0x00007ff8196b0000 - 0x00007ff8196bb000 	C:\WINDOWS\SYSTEM32\CRYPTBASE.dll
0x00007ff8192a0000 - 0x00007ff81935e000 	C:\WINDOWS\SYSTEM32\DNSAPI.dll
0x00007ff80ed70000 - 0x00007ff80ed7a000 	C:\Windows\System32\rasadhlp.dll
0x00007ff80f640000 - 0x00007ff80f6b2000 	C:\WINDOWS\System32\fwpuclnt.dll
0x000000005ff10000 - 0x000000005ff1b000 	C:\Program Files\Java\jre1.8.0_181\bin\sunmscapi.dll
0x00007ff819d20000 - 0x00007ff819f02000 	C:\WINDOWS\System32\CRYPT32.dll
0x00007ff819c60000 - 0x00007ff819c72000 	C:\WINDOWS\System32\MSASN1.dll
0x00007ff80ad00000 - 0x00007ff80aec9000 	C:\WINDOWS\SYSTEM32\dbghelp.dll

VM Arguments:
jvm_args: -Djava.library.path=C:\Users\Greg\Downloads\LeapDeveloperKit_3.2.1_win\LeapDeveloperKit_3.2.1+45911_win\LeapSDK\lib\x64 -Dfile.encoding=Cp1252 
java_command: Sample
java_class_path (initial): C:\Program Files\Java\jre1.8.0_181\lib\resources.jar;C:\Program Files\Java\jre1.8.0_181\lib\rt.jar;C:\Program Files\Java\jre1.8.0_181\lib\jsse.jar;C:\Program Files\Java\jre1.8.0_181\lib\jce.jar;C:\Program Files\Java\jre1.8.0_181\lib\charsets.jar;C:\Program Files\Java\jre1.8.0_181\lib\jfr.jar;C:\Program Files\Java\jre1.8.0_181\lib\ext\access-bridge-64.jar;C:\Program Files\Java\jre1.8.0_181\lib\ext\cldrdata.jar;C:\Program Files\Java\jre1.8.0_181\lib\ext\dnsns.jar;C:\Program Files\Java\jre1.8.0_181\lib\ext\jaccess.jar;C:\Program Files\Java\jre1.8.0_181\lib\ext\jfxrt.jar;C:\Program Files\Java\jre1.8.0_181\lib\ext\localedata.jar;C:\Program Files\Java\jre1.8.0_181\lib\ext\nashorn.jar;C:\Program Files\Java\jre1.8.0_181\lib\ext\sunec.jar;C:\Program Files\Java\jre1.8.0_181\lib\ext\sunjce_provider.jar;C:\Program Files\Java\jre1.8.0_181\lib\ext\sunmscapi.jar;C:\Program Files\Java\jre1.8.0_181\lib\ext\sunpkcs11.jar;C:\Program Files\Java\jre1.8.0_181\lib\ext\zipfs.jar;C:\Users\Greg\Google Drive\UB 2018\116eclipse-workbook\LeapMotion\bin;C:\Users\Greg\Google Drive\UB 2018\116eclipse-workbook\LeapMotion\LeapJava.jar;C:\Users\Greg\Google Drive\UB 2018\116eclipse-workbook\LeapMotion\twilio-7.30.0.jar;C:\Users\Greg\Google Drive\UB 2018\116eclipse-workbook\LeapMotion\activation-1.1.jar;C:\Users\Greg\Google Drive\UB 2018\116eclipse-workbook\LeapMotion\commons-codec-1.9.jar;C:\Users\Greg\Google Drive\UB 2018\116eclipse-workbook\LeapMotion\commons-logging-1.2.jar;C:\Users\Greg\Google Drive\UB 2018\116eclipse-workbook\LeapMotion\guava-18.0.jar;C:\Users\Greg\Google Drive\UB 2018\116eclipse-workbook\LeapMotion\httpclient-4.5.2.jar;C:\Users\Greg\Google Drive\UB 2018\116eclipse-workbook\LeapMotion\httpcore-4.4.4.jar;C:\Users\Greg\Google Drive\UB 2018\116eclipse-workbook\LeapMotion\jackson-annotations-2.8.11.jar;C:\Users\Greg\Google Drive\UB 2018\116eclipse-workbook\LeapMotion\jackson-core-2.8.11.jar;C:\Users\Greg\Google Drive\UB 2018\116eclipse-workbook\LeapMotion
Launcher Type: SUN_STANDARD

Environment Variables:
USERNAME=Greg
OS=Windows_NT
PROCESSOR_IDENTIFIER=Intel64 Family 6 Model 61 Stepping 4, GenuineIntel



---------------  S Y S T E M  ---------------

OS: Windows 10.0 , 64 bit Build 17134 (10.0.17134.1)

CPU:total 4 (initial active 4) (2 cores per cpu, 2 threads per core) family 6 model 61 stepping 4, cmov, cx8, fxsr, mmx, sse, sse2, sse3, ssse3, sse4.1, sse4.2, popcnt, avx, avx2, aes, clmul, erms, 3dnowpref, lzcnt, ht, tsc, tscinvbit, bmi1, bmi2, adx

Memory: 4k page, physical 8289020k(1385148k free), swap 29611472k(16543048k free)

vm_info: Java HotSpot(TM) 64-Bit Server VM (25.181-b13) for windows-amd64 JRE (1.8.0_181-b13), built on Jul  7 2018 04:01:33 by "java_re" with MS VC++ 10.0 (VS2010)

time: Sun Nov 04 10:44:35 2018
elapsed time: 4 seconds (0d 0h 0m 4s)

